<?xml version="1.0" encoding="UTF-8"?>
<!-- Generated by org.testng.reporters.JUnitReportReporter -->
<testsuite hostname="DESKTOP-UDDFKV4" name="Runner.RunCuke" tests="2" failures="0" timestamp="14 Jan 2021 20:20:45 GMT" time="102.271" errors="0">
  <testcase name="feature" time="57.710" classname="Runner.RunCuke"/>
  <testcase name="feature" time="44.561" classname="Runner.RunCuke"/>
</testsuite> <!-- Runner.RunCuke -->
